2023.03.06 18:18:42 info Mail Data: {"from":"niko21@wp.pl","to":"Vorczu89@gmail.com","subject":"TEST POSTMAN","text":"HELLO FROM POSTAMN"}}
2023.03.06 18:19:57 info Mail Data: {"from":"niko21@wp.pl","to":"Vorczu89@gmail.com","subject":"TEST POSTMAN","text":"HELLO FROM POSTAMN"}}
2023.03.06 18:19:59 error Mail Error: {"from":"niko21@wp.pl","to":"Vorczu89@gmail.com","subject":"TEST POSTMAN","text":"HELLO FROM POSTAMN"}
2023.03.06 18:20:06 info Mail Data: {"from":"niko21@wp.pl","to":"Vorczu89@gmail.com","subject":"TEST POSTMAN","text":"HELLO FROM POSTAMN"}}
2023.03.06 18:20:08 error Mail Error: {"from":"niko21@wp.pl","to":"Vorczu89@gmail.com","subject":"TEST POSTMAN","text":"HELLO FROM POSTAMN"}
2023.03.06 18:20:39 info Mail Data: {"from":"niko21@wp.pl","to":"Vorczu89@gmail.com","subject":"TEST POSTMAN","text":"HELLO FROM POSTAMN"}}
2023.03.06 18:20:40 error Mail Error: {"from":"niko21@wp.pl","to":"Vorczu89@gmail.com","subject":"TEST POSTMAN","text":"HELLO FROM POSTAMN"}
2023.03.06 18:21:05 info Mail Data: {"from":"Vticketsender@outlook.com","to":"Vorczu89@gmail.com","subject":"TEST POSTMAN","text":"HELLO FROM POSTAMN"}}
2023.03.06 18:21:07 info Mail Send: {"from":"Vticketsender@outlook.com","to":"Vorczu89@gmail.com","subject":"TEST POSTMAN","text":"HELLO FROM POSTAMN"}
2023.03.06 18:21:45 info Mail Data: {"from":"Vticketsender@outlook.com","to":"Vorczu89@gmail.com","subject":"TEST POSTMAN","text":"HELLO FROM POSTAMN"}}
2023.03.06 18:21:47 info Mail Send: {"from":"Vticketsender@outlook.com","to":"Vorczu89@gmail.com","subject":"TEST POSTMAN","text":"HELLO FROM POSTAMN"}
2023.03.06 18:21:57 info Mail Data: {"from":"Vticketsend2er@outlook.com","to":"Vorczu89@gmail.com","subject":"TEST POSTMAN","text":"HELLO FROM POSTAMN"}}
2023.03.06 18:21:58 error Mail Error: {"from":"Vticketsend2er@outlook.com","to":"Vorczu89@gmail.com","subject":"TEST POSTMAN","text":"HELLO FROM POSTAMN"}
2023.03.06 18:22:24 info Mail Data: {"from":"Vticketsend2er@outlook.com","to":"Vorczu89@gmail.com","subject":"TEST POSTMAN","text":"HELLO FROM POSTAMN"}}
2023.03.06 18:22:26 error Mail Error: {"from":"Vticketsend2er@outlook.com","to":"Vorczu89@gmail.com","subject":"TEST POSTMAN","text":"HELLO FROM POSTAMN"}
2023.03.06 18:23:51 info Mail Data: {"from":"Vticketsend2er@outlook.com","to":"Vorczu89@gmail.com","subject":"TEST POSTMAN","text":"HELLO FROM POSTAMN"}}
2023.03.06 18:23:53 error Mail Error: {"from":"Vticketsend2er@outlook.com","to":"Vorczu89@gmail.com","subject":"TEST POSTMAN","text":"HELLO FROM POSTAMN"} MSG: Message failed: 554 5.2.252 SendAsDenied; Vticketsender@outlook.com not allowed to send as Vticketsend2er@outlook.com; STOREDRV.Submission.Exception:SendAsDeniedException.MapiExceptionSendAsDenied; Failed to process message due to a permanent exception with message [BeginDiagnosticData]Cannot submit message. 0.35250:1F00A584, 1.36674:0A000000, 1.61250:00000000, 1.45378:02000000, 1.44866:16020000, 1.36674:0E000000, 1.61250:00000000, 1.45378:1B020000, 1.44866:12010000, 16.55847:A2030000, 17.43559:0000000024020000000000000000000000000000, 20.52176:140F0C981C0010100D000000, 20.50032:140F0C988C17001007000000, 0.53414:F1030000, 0.35180:0A00C610, 255.23226:1F00A584, 255.27962:0A000000, 255.27962:0E000000, 255.31418:A0970000, 0.35250:FF7F0000, 1.36674:0A000000, 1.61250:00000000, 1.45378:02000000, 1.44866:28000000, 1.36674:32000000, 1.61250:00000000, 1.45378:2D000000, 1.44866:01000000, 16.55847:A3000000, 17.43559:00000000C8030000000000000F00000000000000, 20.52176:140F0C981C004010F1030000, 20.50032:140F0C988C1770201F00A584, 0.53414:80030400, 0.35180:2E7E0000, 255.23226:03970000, 255.27962:0A000000, 255.27962:32000000, 255.17082:DC040000, 0.27745:92000000, 4.21921:DC040000, 255.27962:FA000000, 255.1494:1F009E80, 0.38698:05000780, 1.41134:46000000, 0.37692:86000000, 0.37948:86000000, 5.33852:00000000534D545000000000, 7.36354:010000000000010986000000, 4.56248:DC040000, 7.40748:010000000000010B5E000100, 7.57132:000000000000000086000000, 4.39640:DC040000, 1.63016:32000000, 8.45434:01400300E555CF5900000000000000003A336435, 1.46798:04000000, 5.10786:0000000031352E32302E363135362E3032383A444239503139334D42313833353A33643561393936322D333637332D343634382D396535302D6164393038373934313938363A31383030383A2E4E4554204672616D65776F726B20342E382E393033322E3000201000000000, 7.51330:308E1C8F671EDB0800000000, 0.39570:12000000, 1.55954:0A000000, 1.33010:0A000000, 2.54258:00000000, 0.40002:00000000, 1.56562:00000000, 1.33010:0A000000, 2.54258:00000000, 0.40002:00000000, 1.56562:00000000, 1.64146:32000000, 1.33010:32000000, 2.54258:DC040000, 1.33010:32000000, 2.54258:DC040000, 255.1750:EC000000, 255.31418:0A000000, 0.22753:0A006680, 255.21817:DC040000, 0.64418:CE020000, 4.39842:DC040000, 0.41586:F6000000, 4.60547:DC040000, 0.21966:0A006780, 4.30158:DC040000[EndDiagnosticData] [Hostname=DB9P193MB1835.EURP193.PROD.OUTLOOK.COM]
2023.03.06 18:25:03 info Mail Data: {"from":"Vticketsender@outlook.com","to":"Vorczu89@gmail.com","subject":"TEST POSTMAN","text":"HELLO FROM POSTAMN"}}
2023.03.06 18:25:04 info Mail Send: {"from":"Vticketsender@outlook.com","to":"Vorczu89@gmail.com","subject":"TEST POSTMAN","text":"HELLO FROM POSTAMN"} ID: <eef327a9-fca8-fa54-580f-0d819dfe9cdf@outlook.com>
2023.03.06 18:31:37 info Mail Data: {"from":"Vticket3sender@outlook.com","to":"Vorczu89@gmail.com","subject":"TEST POSTMAN","text":"HELLO FROM POSTAMN"}}
2023.03.06 18:31:39 error Mail Error: {"from":"Vticket3sender@outlook.com","to":"Vorczu89@gmail.com","subject":"TEST POSTMAN","text":"HELLO FROM POSTAMN"} MSG: Message failed: 554 5.2.252 SendAsDenied; Vticketsender@outlook.com not allowed to send as Vticket3sender@outlook.com; STOREDRV.Submission.Exception:SendAsDeniedException.MapiExceptionSendAsDenied; Failed to process message due to a permanent exception with message [BeginDiagnosticData]Cannot submit message. 0.35250:1F00A584, 1.36674:0A000000, 1.61250:00000000, 1.45378:02000000, 1.44866:16020000, 1.36674:0E000000, 1.61250:00000000, 1.45378:1B020000, 1.44866:12010000, 16.55847:A2030000, 17.43559:0000000024020000000000000F00000000000000, 20.52176:140F0C981C0010100D000000, 20.50032:140F0C988C17001007000000, 0.53414:F1030000, 0.35180:0A00C610, 255.23226:1F00A584, 255.27962:0A000000, 255.27962:0E000000, 255.31418:9E970000, 0.35250:FF7F0000, 1.36674:0A000000, 1.61250:00000000, 1.45378:02000000, 1.44866:28000000, 1.36674:32000000, 1.61250:00000000, 1.45378:2D000000, 1.44866:01000000, 16.55847:A3000000, 17.43559:00000000C8030000000000000000000000000000, 20.52176:140F0C981C004010F1030000, 20.50032:140F0C988C1770201F00A584, 0.53414:80030400, 0.35180:2E7E0000, 255.23226:01970000, 255.27962:0A000000, 255.27962:32000000, 255.17082:DC040000, 0.27745:92000000, 4.21921:DC040000, 255.27962:FA000000, 255.1494:1F009E80, 0.38698:05000780, 1.41134:46000000, 0.37692:86000000, 0.37948:86000000, 5.33852:00000000534D545000000000, 7.36354:01000000000001094DDE5600, 4.56248:DC040000, 7.40748:010000000000010B00000000, 7.57132:000000000000000004000000, 4.39640:DC040000, 1.63016:32000000, 8.45434:01400300E555CF5900000000000000003A336435, 1.46798:04000000, 5.10786:0000000031352E32302E363135362E3032383A444239503139334D42313833353A33643561393936322D333637332D343634382D396535302D6164393038373934313938363A31383030383A2E4E4554204672616D65776F726B20342E382E393033322E3000201000000000, 7.51330:1D2CC5A4681EDB0800000000, 0.39570:12000000, 1.55954:0A000000, 1.33010:0A000000, 2.54258:00000000, 0.40002:A4000000, 1.56562:00000000, 1.33010:0A000000, 2.54258:00000000, 0.40002:00000000, 1.56562:00000000, 1.64146:32000000, 1.33010:32000000, 2.54258:DC040000, 1.33010:32000000, 2.54258:DC040000, 255.1750:EC000000, 255.31418:0A000000, 0.22753:0A006680, 255.21817:DC040000, 0.64418:CE020000, 4.39842:DC040000, 0.41586:F6000000, 4.60547:DC040000, 0.21966:0A006780, 4.30158:DC040000[EndDiagnosticData] [Hostname=DB9P193MB1835.EURP193.PROD.OUTLOOK.COM]
2023.03.06 18:33:19 info Mail Data: {}}
2023.03.06 18:33:20 error Mail Error: {} MSG: No recipients defined
2023.03.06 18:37:25 info Mail Data: {}}
2023.03.06 18:37:26 error Mail Error: {} MSG: No recipients defined
2023.03.06 18:37:42 info Mail Data: {}}
2023.03.06 18:37:43 error Mail Error: {} MSG: No recipients defined
2023.03.06 18:38:41 info Mail Data: {}}
2023.03.06 18:38:42 error Mail Error: {} MSG: No recipients defined
2023.03.06 18:38:50 info Mail Data: {}}
2023.03.06 18:38:51 error Mail Error: {} MSG: No recipients defined
2023.03.06 18:39:02 info Mail Data: {}}
2023.03.06 18:39:03 error Mail Error: {} MSG: No recipients defined
2023.03.06 18:48:44 info Mail Data: {}}
2023.03.06 18:48:45 error Mail Error: {} MSG: No recipients defined
